State 22 conflicts: 1 shift/reduce, 1 reduce/reduce
State 151 conflicts: 1 shift/reduce


Grammar

    0 $accept: program $end

    1 program: statements

    2 stmt: expr SEMICOLON
    3     | ifstmt
    4     | whilestmt
    5     | forstmt
    6     | returnstmt
    7     | BREAK SEMICOLON
    8     | CONTINUE SEMICOLON
    9     | block
   10     | funcdef
   11     | SEMICOLON

   12 statements: statements stmt
   13           | stmt

   14 expr: assignexpr
   15     | expr PLUS expr
   16     | expr MINUS expr
   17     | expr ASTERISK expr
   18     | expr DIVISION expr
   19     | expr PERCENT expr
   20     | expr GREATER expr
   21     | expr GREATER_EQUALS expr
   22     | expr LESS expr
   23     | expr LESS_EQUALS expr
   24     | expr EQUALS expr
   25     | expr DIFFERENT expr
   26     | expr AND expr
   27     | expr OR expr
   28     | term

   29 term: LEFT_BRACKETS expr RIGHT_BRACKETS
   30     | MINUS expr
   31     | NOT expr
   32     | PLUS_PLUS lvalue
   33     | lvalue PLUS_PLUS
   34     | MINUS_MINUS lvalue
   35     | lvalue MINUS_MINUS
   36     | primary

   37 assignexpr: lvalue ASSIGN expr

   38 primary: lvalue
   39        | call
   40        | objectdef
   41        | LEFT_BRACKETS funcdef RIGHT_BRACKETS
   42        | const

   43 lvalue: ID
   44       | LOCALL ID
   45       | DOUBLE_COLON ID
   46       | member

   47 member: lvalue DOT ID
   48       | lvalue LEFT_SQUARE expr RIGHT_SQUARE
   49       | call DOT ID
   50       | call LEFT_SQUARE expr RIGHT_SQUARE

   51 call: call LEFT_BRACKETS elist RIGHT_BRACKETS
   52     | lvalue callsuffix
   53     | LEFT_BRACKETS funcdef RIGHT_BRACKETS LEFT_BRACKETS elist RIGHT_BRACKETS

   54 callsuffix: normcall
   55           | methodcall

   56 normcall: LEFT_BRACKETS elist RIGHT_BRACKETS

   57 methodcall: Diaeresis ID LEFT_BRACKETS elist RIGHT_BRACKETS

   58 elist: expr
   59      | expr COMMA elist
   60      | %empty

   61 objectdef: LEFT_SQUARE elist RIGHT_SQUARE
   62          | LEFT_SQUARE indexed RIGHT_SQUARE
   63          | LEFT_SQUARE RIGHT_SQUARE

   64 indexed: indexedelem
   65        | indexedelem COMMA indexed
   66        | %empty

   67 indexedelem: LEFT_BRACE expr COLON expr RIGHT_BRACE

   68 $@1: %empty

   69 block: LEFT_BRACE $@1 RIGHT_BRACE

   70 $@2: %empty

   71 block: LEFT_BRACE $@2 statements RIGHT_BRACE

   72 $@3: %empty

   73 block_func: LEFT_BRACE $@3 RIGHT_BRACE

   74 $@4: %empty

   75 block_func: LEFT_BRACE $@4 statements RIGHT_BRACE

   76 $@5: %empty

   77 $@6: %empty

   78 $@7: %empty

   79 funcdef: FUNCTION ID $@5 LEFT_BRACKETS $@6 idlist $@7 RIGHT_BRACKETS block_func

   80 $@8: %empty

   81 $@9: %empty

   82 $@10: %empty

   83 funcdef: FUNCTION $@8 LEFT_BRACKETS $@9 idlist $@10 RIGHT_BRACKETS block_func

   84 const: NUMBER
   85      | STRING
   86      | NIL
   87      | TRUE
   88      | FALSE

   89 idlist: ID

   90 $@11: %empty

   91 idlist: ID $@11 COMMA idlist
   92       | %empty

   93 ifstmt: IF LEFT_BRACKETS expr RIGHT_BRACKETS stmt ELSE stmt
   94       | IF LEFT_BRACKETS expr RIGHT_BRACKETS stmt

   95 $@12: %empty

   96 whilestmt: WHILE LEFT_BRACKETS $@12 expr RIGHT_BRACKETS stmt

   97 $@13: %empty

   98 forstmt: FOR LEFT_BRACKETS $@13 elist SEMICOLON expr SEMICOLON elist RIGHT_BRACKETS stmt

   99 returnstmt: RETURN expr SEMICOLON
  100           | RETURN SEMICOLON


Terminals, with rules where they appear

$end (0) 0
error (256)
NUMBER (258) 84
ID (259) 43 44 45 47 49 57 79 89 91
IF (260) 93 94
ELSE (261) 93
WHILE (262) 96
FOR (263) 98
FUNCTION (264) 79 83
RETURN (265) 99 100
BREAK (266) 7
CONTINUE (267) 8
AND (268) 26
NOT (269) 31
OR (270) 27
LOCALL (271) 44
TRUE (272) 87
FALSE (273) 88
NIL (274) 86
STRING (275) 85
EQUALS (276) 24
PLUS (277) 15
ASSIGN (278) 37
MINUS (279) 16 30
UMINUS (280)
ASTERISK (281) 17
DIVISION (282) 18
PERCENT (283) 19
DIFFERENT (284) 25
PLUS_PLUS (285) 32 33
MINUS_MINUS (286) 34 35
GREATER (287) 20
LESS (288) 22
GREATER_EQUALS (289) 21
LESS_EQUALS (290) 23
SEMICOLON (291) 2 7 8 11 98 99 100
COMMA (292) 59 65 91
COLON (293) 67
DOUBLE_COLON (294) 45
DOT (295) 47 49
Diaeresis (296) 57
LEFT_BRACE (297) 67 69 71 73 75
RIGHT_BRACE (298) 67 69 71 73 75
LEFT_SQUARE (299) 48 50 61 62 63
RIGHT_SQUARE (300) 48 50 61 62 63
LEFT_BRACKETS (301) 29 41 51 53 56 57 79 83 93 94 96 98
RIGHT_BRACKETS (302) 29 41 51 53 56 57 79 83 93 94 96 98


Nonterminals, with rules where they appear

$accept (48)
    on left: 0
program (49)
    on left: 1, on right: 0
stmt (50)
    on left: 2 3 4 5 6 7 8 9 10 11, on right: 12 13 93 94 96 98
statements (51)
    on left: 12 13, on right: 1 12 71 75
expr (52)
    on left: 14 15 16 17 18 19 20 21 22 23 24 25 26 27 28, on right:
    2 15 16 17 18 19 20 21 22 23 24 25 26 27 29 30 31 37 48 50 58 59
    67 93 94 96 98 99
term (53)
    on left: 29 30 31 32 33 34 35 36, on right: 28
assignexpr (54)
    on left: 37, on right: 14
primary (55)
    on left: 38 39 40 41 42, on right: 36
lvalue (56)
    on left: 43 44 45 46, on right: 32 33 34 35 37 38 47 48 52
member (57)
    on left: 47 48 49 50, on right: 46
call (58)
    on left: 51 52 53, on right: 39 49 50 51
callsuffix (59)
    on left: 54 55, on right: 52
normcall (60)
    on left: 56, on right: 54
methodcall (61)
    on left: 57, on right: 55
elist (62)
    on left: 58 59 60, on right: 51 53 56 57 59 61 98
objectdef (63)
    on left: 61 62 63, on right: 40
indexed (64)
    on left: 64 65 66, on right: 62 65
indexedelem (65)
    on left: 67, on right: 64 65
block (66)
    on left: 69 71, on right: 9
$@1 (67)
    on left: 68, on right: 69
$@2 (68)
    on left: 70, on right: 71
block_func (69)
    on left: 73 75, on right: 79 83
$@3 (70)
    on left: 72, on right: 73
$@4 (71)
    on left: 74, on right: 75
funcdef (72)
    on left: 79 83, on right: 10 41 53
$@5 (73)
    on left: 76, on right: 79
$@6 (74)
    on left: 77, on right: 79
$@7 (75)
    on left: 78, on right: 79
$@8 (76)
    on left: 80, on right: 83
$@9 (77)
    on left: 81, on right: 83
$@10 (78)
    on left: 82, on right: 83
const (79)
    on left: 84 85 86 87 88, on right: 42
idlist (80)
    on left: 89 91 92, on right: 79 83 91
$@11 (81)
    on left: 90, on right: 91
ifstmt (82)
    on left: 93 94, on right: 3
whilestmt (83)
    on left: 96, on right: 4
$@12 (84)
    on left: 95, on right: 96
forstmt (85)
    on left: 98, on right: 5
$@13 (86)
    on left: 97, on right: 98
returnstmt (87)
    on left: 99 100, on right: 6


State 0

    0 $accept: . program $end

    NUMBER         shift, and go to state 1
    ID             shift, and go to state 2
    IF             shift, and go to state 3
    WHILE          shift, and go to state 4
    FOR            shift, and go to state 5
    FUNCTION       shift, and go to state 6
    RETURN         shift, and go to state 7
    BREAK          shift, and go to state 8
    CONTINUE       shift, and go to state 9
    NOT            shift, and go to state 10
    LOCALL         shift, and go to state 11
    TRUE           shift, and go to state 12
    FALSE          shift, and go to state 13
    NIL            shift, and go to state 14
    STRING         shift, and go to state 15
    MINUS          shift, and go to state 16
    PLUS_PLUS      shift, and go to state 17
    MINUS_MINUS    shift, and go to state 18
    SEMICOLON      shift, and go to state 19
    DOUBLE_COLON   shift, and go to state 20
    LEFT_BRACE     shift, and go to state 21
    LEFT_SQUARE    shift, and go to state 22
    LEFT_BRACKETS  shift, and go to state 23

    program     go to state 24
    stmt        go to state 25
    statements  go to state 26
    expr        go to state 27
    term        go to state 28
    assignexpr  go to state 29
    primary     go to state 30
    lvalue      go to state 31
    member      go to state 32
    call        go to state 33
    objectdef   go to state 34
    block       go to state 35
    funcdef     go to state 36
    const       go to state 37
    ifstmt      go to state 38
    whilestmt   go to state 39
    forstmt     go to state 40
    returnstmt  go to state 41


State 1

   84 const: NUMBER .

    $default  reduce using rule 84 (const)


State 2

   43 lvalue: ID .

    $default  reduce using rule 43 (lvalue)


State 3

   93 ifstmt: IF . LEFT_BRACKETS expr RIGHT_BRACKETS stmt ELSE stmt
   94       | IF . LEFT_BRACKETS expr RIGHT_BRACKETS stmt

    LEFT_BRACKETS  shift, and go to state 42


State 4

   96 whilestmt: WHILE . LEFT_BRACKETS $@12 expr RIGHT_BRACKETS stmt

    LEFT_BRACKETS  shift, and go to state 43


State 5

   98 forstmt: FOR . LEFT_BRACKETS $@13 elist SEMICOLON expr SEMICOLON elist RIGHT_BRACKETS stmt

    LEFT_BRACKETS  shift, and go to state 44


State 6

   79 funcdef: FUNCTION . ID $@5 LEFT_BRACKETS $@6 idlist $@7 RIGHT_BRACKETS block_func
   83        | FUNCTION . $@8 LEFT_BRACKETS $@9 idlist $@10 RIGHT_BRACKETS block_func

    ID  shift, and go to state 45

    $default  reduce using rule 80 ($@8)

    $@8  go to state 46


State 7

   99 returnstmt: RETURN . expr SEMICOLON
  100           | RETURN . SEMICOLON

    NUMBER         shift, and go to state 1
    ID             shift, and go to state 2
    NOT            shift, and go to state 10
    LOCALL         shift, and go to state 11
    TRUE           shift, and go to state 12
    FALSE          shift, and go to state 13
    NIL            shift, and go to state 14
    STRING         shift, and go to state 15
    MINUS          shift, and go to state 16
    PLUS_PLUS      shift, and go to state 17
    MINUS_MINUS    shift, and go to state 18
    SEMICOLON      shift, and go to state 47
    DOUBLE_COLON   shift, and go to state 20
    LEFT_SQUARE    shift, and go to state 22
    LEFT_BRACKETS  shift, and go to state 23

    expr        go to state 48
    term        go to state 28
    assignexpr  go to state 29
    primary     go to state 30
    lvalue      go to state 31
    member      go to state 32
    call        go to state 33
    objectdef   go to state 34
    const       go to state 37


State 8

    7 stmt: BREAK . SEMICOLON

    SEMICOLON  shift, and go to state 49


State 9

    8 stmt: CONTINUE . SEMICOLON

    SEMICOLON  shift, and go to state 50


State 10

   31 term: NOT . expr

    NUMBER         shift, and go to state 1
    ID             shift, and go to state 2
    NOT            shift, and go to state 10
    LOCALL         shift, and go to state 11
    TRUE           shift, and go to state 12
    FALSE          shift, and go to state 13
    NIL            shift, and go to state 14
    STRING         shift, and go to state 15
    MINUS          shift, and go to state 16
    PLUS_PLUS      shift, and go to state 17
    MINUS_MINUS    shift, and go to state 18
    DOUBLE_COLON   shift, and go to state 20
    LEFT_SQUARE    shift, and go to state 22
    LEFT_BRACKETS  shift, and go to state 23

    expr        go to state 51
    term        go to state 28
    assignexpr  go to state 29
    primary     go to state 30
    lvalue      go to state 31
    member      go to state 32
    call        go to state 33
    objectdef   go to state 34
    const       go to state 37


State 11

   44 lvalue: LOCALL . ID

    ID  shift, and go to state 52


State 12

   87 const: TRUE .

    $default  reduce using rule 87 (const)


State 13

   88 const: FALSE .

    $default  reduce using rule 88 (const)


State 14

   86 const: NIL .

    $default  reduce using rule 86 (const)


State 15

   85 const: STRING .

    $default  reduce using rule 85 (const)


State 16

   30 term: MINUS . expr

    NUMBER         shift, and go to state 1
    ID             shift, and go to state 2
    NOT            shift, and go to state 10
    LOCALL         shift, and go to state 11
    TRUE           shift, and go to state 12
    FALSE          shift, and go to state 13
    NIL            shift, and go to state 14
    STRING         shift, and go to state 15
    MINUS          shift, and go to state 16
    PLUS_PLUS      shift, and go to state 17
    MINUS_MINUS    shift, and go to state 18
    DOUBLE_COLON   shift, and go to state 20
    LEFT_SQUARE    shift, and go to state 22
    LEFT_BRACKETS  shift, and go to state 23

    expr        go to state 53
    term        go to state 28
    assignexpr  go to state 29
    primary     go to state 30
    lvalue      go to state 31
    member      go to state 32
    call        go to state 33
    objectdef   go to state 34
    const       go to state 37


State 17

   32 term: PLUS_PLUS . lvalue

    ID             shift, and go to state 2
    LOCALL         shift, and go to state 11
    DOUBLE_COLON   shift, and go to state 20
    LEFT_BRACKETS  shift, and go to state 54

    lvalue  go to state 55
    member  go to state 32
    call    go to state 56


State 18

   34 term: MINUS_MINUS . lvalue

    ID             shift, and go to state 2
    LOCALL         shift, and go to state 11
    DOUBLE_COLON   shift, and go to state 20
    LEFT_BRACKETS  shift, and go to state 54

    lvalue  go to state 57
    member  go to state 32
    call    go to state 56


State 19

   11 stmt: SEMICOLON .

    $default  reduce using rule 11 (stmt)


State 20

   45 lvalue: DOUBLE_COLON . ID

    ID  shift, and go to state 58


State 21

   69 block: LEFT_BRACE . $@1 RIGHT_BRACE
   71      | LEFT_BRACE . $@2 statements RIGHT_BRACE

    RIGHT_BRACE  reduce using rule 68 ($@1)
    $default     reduce using rule 70 ($@2)

    $@1  go to state 59
    $@2  go to state 60


State 22

   61 objectdef: LEFT_SQUARE . elist RIGHT_SQUARE
   62          | LEFT_SQUARE . indexed RIGHT_SQUARE
   63          | LEFT_SQUARE . RIGHT_SQUARE

    NUMBER         shift, and go to state 1
    ID             shift, and go to state 2
    NOT            shift, and go to state 10
    LOCALL         shift, and go to state 11
    TRUE           shift, and go to state 12
    FALSE          shift, and go to state 13
    NIL            shift, and go to state 14
    STRING         shift, and go to state 15
    MINUS          shift, and go to state 16
    PLUS_PLUS      shift, and go to state 17
    MINUS_MINUS    shift, and go to state 18
    DOUBLE_COLON   shift, and go to state 20
    LEFT_BRACE     shift, and go to state 61
    LEFT_SQUARE    shift, and go to state 22
    RIGHT_SQUARE   shift, and go to state 62
    LEFT_BRACKETS  shift, and go to state 23

    RIGHT_SQUARE  [reduce using rule 60 (elist)]
    RIGHT_SQUARE  [reduce using rule 66 (indexed)]

    expr         go to state 63
    term         go to state 28
    assignexpr   go to state 29
    primary      go to state 30
    lvalue       go to state 31
    member       go to state 32
    call         go to state 33
    elist        go to state 64
    objectdef    go to state 34
    indexed      go to state 65
    indexedelem  go to state 66
    const        go to state 37


State 23

   29 term: LEFT_BRACKETS . expr RIGHT_BRACKETS
   41 primary: LEFT_BRACKETS . funcdef RIGHT_BRACKETS
   53 call: LEFT_BRACKETS . funcdef RIGHT_BRACKETS LEFT_BRACKETS elist RIGHT_BRACKETS

    NUMBER         shift, and go to state 1
    ID             shift, and go to state 2
    FUNCTION       shift, and go to state 6
    NOT            shift, and go to state 10
    LOCALL         shift, and go to state 11
    TRUE           shift, and go to state 12
    FALSE          shift, and go to state 13
    NIL            shift, and go to state 14
    STRING         shift, and go to state 15
    MINUS          shift, and go to state 16
    PLUS_PLUS      shift, and go to state 17
    MINUS_MINUS    shift, and go to state 18
    DOUBLE_COLON   shift, and go to state 20
    LEFT_SQUARE    shift, and go to state 22
    LEFT_BRACKETS  shift, and go to state 23

    expr        go to state 67
    term        go to state 28
    assignexpr  go to state 29
    primary     go to state 30
    lvalue      go to state 31
    member      go to state 32
    call        go to state 33
    objectdef   go to state 34
    funcdef     go to state 68
    const       go to state 37


State 24

    0 $accept: program . $end

    $end  shift, and go to state 69


State 25

   13 statements: stmt .

    $default  reduce using rule 13 (statements)


State 26

    1 program: statements .
   12 statements: statements . stmt

    NUMBER         shift, and go to state 1
    ID             shift, and go to state 2
    IF             shift, and go to state 3
    WHILE          shift, and go to state 4
    FOR            shift, and go to state 5
    FUNCTION       shift, and go to state 6
    RETURN         shift, and go to state 7
    BREAK          shift, and go to state 8
    CONTINUE       shift, and go to state 9
    NOT            shift, and go to state 10
    LOCALL         shift, and go to state 11
    TRUE           shift, and go to state 12
    FALSE          shift, and go to state 13
    NIL            shift, and go to state 14
    STRING         shift, and go to state 15
    MINUS          shift, and go to state 16
    PLUS_PLUS      shift, and go to state 17
    MINUS_MINUS    shift, and go to state 18
    SEMICOLON      shift, and go to state 19
    DOUBLE_COLON   shift, and go to state 20
    LEFT_BRACE     shift, and go to state 21
    LEFT_SQUARE    shift, and go to state 22
    LEFT_BRACKETS  shift, and go to state 23

    $default  reduce using rule 1 (program)

    stmt        go to state 70
    expr        go to state 27
    term        go to state 28
    assignexpr  go to state 29
    primary     go to state 30
    lvalue      go to state 31
    member      go to state 32
    call        go to state 33
    objectdef   go to state 34
    block       go to state 35
    funcdef     go to state 36
    const       go to state 37
    ifstmt      go to state 38
    whilestmt   go to state 39
    forstmt     go to state 40
    returnstmt  go to state 41


State 27

    2 stmt: expr . SEMICOLON
   15 expr: expr . PLUS expr
   16     | expr . MINUS expr
   17     | expr . ASTERISK expr
   18     | expr . DIVISION expr
   19     | expr . PERCENT expr
   20     | expr . GREATER expr
   21     | expr . GREATER_EQUALS expr
   22     | expr . LESS expr
   23     | expr . LESS_EQUALS expr
   24     | expr . EQUALS expr
   25     | expr . DIFFERENT expr
   26     | expr . AND expr
   27     | expr . OR expr

    AND             shift, and go to state 71
    OR              shift, and go to state 72
    EQUALS          shift, and go to state 73
    PLUS            shift, and go to state 74
    MINUS           shift, and go to state 75
    ASTERISK        shift, and go to state 76
    DIVISION        shift, and go to state 77
    PERCENT         shift, and go to state 78
    DIFFERENT       shift, and go to state 79
    GREATER         shift, and go to state 80
    LESS            shift, and go to state 81
    GREATER_EQUALS  shift, and go to state 82
    LESS_EQUALS     shift, and go to state 83
    SEMICOLON       shift, and go to state 84


State 28

   28 expr: term .

    $default  reduce using rule 28 (expr)


State 29

   14 expr: assignexpr .

    $default  reduce using rule 14 (expr)


State 30

   36 term: primary .

    $default  reduce using rule 36 (term)


State 31

   33 term: lvalue . PLUS_PLUS
   35     | lvalue . MINUS_MINUS
   37 assignexpr: lvalue . ASSIGN expr
   38 primary: lvalue .
   47 member: lvalue . DOT ID
   48       | lvalue . LEFT_SQUARE expr RIGHT_SQUARE
   52 call: lvalue . callsuffix

    ASSIGN         shift, and go to state 85
    PLUS_PLUS      shift, and go to state 86
    MINUS_MINUS    shift, and go to state 87
    DOT            shift, and go to state 88
    Diaeresis      shift, and go to state 89
    LEFT_SQUARE    shift, and go to state 90
    LEFT_BRACKETS  shift, and go to state 91

    $default  reduce using rule 38 (primary)

    callsuffix  go to state 92
    normcall    go to state 93
    methodcall  go to state 94


State 32

   46 lvalue: member .

    $default  reduce using rule 46 (lvalue)


State 33

   39 primary: call .
   49 member: call . DOT ID
   50       | call . LEFT_SQUARE expr RIGHT_SQUARE
   51 call: call . LEFT_BRACKETS elist RIGHT_BRACKETS

    DOT            shift, and go to state 95
    LEFT_SQUARE    shift, and go to state 96
    LEFT_BRACKETS  shift, and go to state 97

    $default  reduce using rule 39 (primary)


State 34

   40 primary: objectdef .

    $default  reduce using rule 40 (primary)


State 35

    9 stmt: block .

    $default  reduce using rule 9 (stmt)


State 36

   10 stmt: funcdef .

    $default  reduce using rule 10 (stmt)


State 37

   42 primary: const .

    $default  reduce using rule 42 (primary)


State 38

    3 stmt: ifstmt .

    $default  reduce using rule 3 (stmt)


State 39

    4 stmt: whilestmt .

    $default  reduce using rule 4 (stmt)


State 40

    5 stmt: forstmt .

    $default  reduce using rule 5 (stmt)


State 41

    6 stmt: returnstmt .

    $default  reduce using rule 6 (stmt)


State 42

   93 ifstmt: IF LEFT_BRACKETS . expr RIGHT_BRACKETS stmt ELSE stmt
   94       | IF LEFT_BRACKETS . expr RIGHT_BRACKETS stmt

    NUMBER         shift, and go to state 1
    ID             shift, and go to state 2
    NOT            shift, and go to state 10
    LOCALL         shift, and go to state 11
    TRUE           shift, and go to state 12
    FALSE          shift, and go to state 13
    NIL            shift, and go to state 14
    STRING         shift, and go to state 15
    MINUS          shift, and go to state 16
    PLUS_PLUS      shift, and go to state 17
    MINUS_MINUS    shift, and go to state 18
    DOUBLE_COLON   shift, and go to state 20
    LEFT_SQUARE    shift, and go to state 22
    LEFT_BRACKETS  shift, and go to state 23

    expr        go to state 98
    term        go to state 28
    assignexpr  go to state 29
    primary     go to state 30
    lvalue      go to state 31
    member      go to state 32
    call        go to state 33
    objectdef   go to state 34
    const       go to state 37


State 43

   96 whilestmt: WHILE LEFT_BRACKETS . $@12 expr RIGHT_BRACKETS stmt

    $default  reduce using rule 95 ($@12)

    $@12  go to state 99


State 44

   98 forstmt: FOR LEFT_BRACKETS . $@13 elist SEMICOLON expr SEMICOLON elist RIGHT_BRACKETS stmt

    $default  reduce using rule 97 ($@13)

    $@13  go to state 100


State 45

   79 funcdef: FUNCTION ID . $@5 LEFT_BRACKETS $@6 idlist $@7 RIGHT_BRACKETS block_func

    $default  reduce using rule 76 ($@5)

    $@5  go to state 101


State 46

   83 funcdef: FUNCTION $@8 . LEFT_BRACKETS $@9 idlist $@10 RIGHT_BRACKETS block_func

    LEFT_BRACKETS  shift, and go to state 102


State 47

  100 returnstmt: RETURN SEMICOLON .

    $default  reduce using rule 100 (returnstmt)


State 48

   15 expr: expr . PLUS expr
   16     | expr . MINUS expr
   17     | expr . ASTERISK expr
   18     | expr . DIVISION expr
   19     | expr . PERCENT expr
   20     | expr . GREATER expr
   21     | expr . GREATER_EQUALS expr
   22     | expr . LESS expr
   23     | expr . LESS_EQUALS expr
   24     | expr . EQUALS expr
   25     | expr . DIFFERENT expr
   26     | expr . AND expr
   27     | expr . OR expr
   99 returnstmt: RETURN expr . SEMICOLON

    AND             shift, and go to state 71
    OR              shift, and go to state 72
    EQUALS          shift, and go to state 73
    PLUS            shift, and go to state 74
    MINUS           shift, and go to state 75
    ASTERISK        shift, and go to state 76
    DIVISION        shift, and go to state 77
    PERCENT         shift, and go to state 78
    DIFFERENT       shift, and go to state 79
    GREATER         shift, and go to state 80
    LESS            shift, and go to state 81
    GREATER_EQUALS  shift, and go to state 82
    LESS_EQUALS     shift, and go to state 83
    SEMICOLON       shift, and go to state 103


State 49

    7 stmt: BREAK SEMICOLON .

    $default  reduce using rule 7 (stmt)


State 50

    8 stmt: CONTINUE SEMICOLON .

    $default  reduce using rule 8 (stmt)


State 51

   15 expr: expr . PLUS expr
   16     | expr . MINUS expr
   17     | expr . ASTERISK expr
   18     | expr . DIVISION expr
   19     | expr . PERCENT expr
   20     | expr . GREATER expr
   21     | expr . GREATER_EQUALS expr
   22     | expr . LESS expr
   23     | expr . LESS_EQUALS expr
   24     | expr . EQUALS expr
   25     | expr . DIFFERENT expr
   26     | expr . AND expr
   27     | expr . OR expr
   31 term: NOT expr .

    $default  reduce using rule 31 (term)


State 52

   44 lvalue: LOCALL ID .

    $default  reduce using rule 44 (lvalue)


State 53

   15 expr: expr . PLUS expr
   16     | expr . MINUS expr
   17     | expr . ASTERISK expr
   18     | expr . DIVISION expr
   19     | expr . PERCENT expr
   20     | expr . GREATER expr
   21     | expr . GREATER_EQUALS expr
   22     | expr . LESS expr
   23     | expr . LESS_EQUALS expr
   24     | expr . EQUALS expr
   25     | expr . DIFFERENT expr
   26     | expr . AND expr
   27     | expr . OR expr
   30 term: MINUS expr .

    $default  reduce using rule 30 (term)


State 54

   53 call: LEFT_BRACKETS . funcdef RIGHT_BRACKETS LEFT_BRACKETS elist RIGHT_BRACKETS

    FUNCTION  shift, and go to state 6

    funcdef  go to state 104


State 55

   32 term: PLUS_PLUS lvalue .
   47 member: lvalue . DOT ID
   48       | lvalue . LEFT_SQUARE expr RIGHT_SQUARE
   52 call: lvalue . callsuffix

    DOT            shift, and go to state 88
    Diaeresis      shift, and go to state 89
    LEFT_SQUARE    shift, and go to state 90
    LEFT_BRACKETS  shift, and go to state 91

    $default  reduce using rule 32 (term)

    callsuffix  go to state 92
    normcall    go to state 93
    methodcall  go to state 94


State 56

   49 member: call . DOT ID
   50       | call . LEFT_SQUARE expr RIGHT_SQUARE
   51 call: call . LEFT_BRACKETS elist RIGHT_BRACKETS

    DOT            shift, and go to state 95
    LEFT_SQUARE    shift, and go to state 96
    LEFT_BRACKETS  shift, and go to state 97


State 57

   34 term: MINUS_MINUS lvalue .
   47 member: lvalue . DOT ID
   48       | lvalue . LEFT_SQUARE expr RIGHT_SQUARE
   52 call: lvalue . callsuffix

    DOT            shift, and go to state 88
    Diaeresis      shift, and go to state 89
    LEFT_SQUARE    shift, and go to state 90
    LEFT_BRACKETS  shift, and go to state 91

    $default  reduce using rule 34 (term)

    callsuffix  go to state 92
    normcall    go to state 93
    methodcall  go to state 94


State 58

   45 lvalue: DOUBLE_COLON ID .

    $default  reduce using rule 45 (lvalue)


State 59

   69 block: LEFT_BRACE $@1 . RIGHT_BRACE

    RIGHT_BRACE  shift, and go to state 105


State 60

   71 block: LEFT_BRACE $@2 . statements RIGHT_BRACE

    NUMBER         shift, and go to state 1
    ID             shift, and go to state 2
    IF             shift, and go to state 3
    WHILE          shift, and go to state 4
    FOR            shift, and go to state 5
    FUNCTION       shift, and go to state 6
    RETURN         shift, and go to state 7
    BREAK          shift, and go to state 8
    CONTINUE       shift, and go to state 9
    NOT            shift, and go to state 10
    LOCALL         shift, and go to state 11
    TRUE           shift, and go to state 12
    FALSE          shift, and go to state 13
    NIL            shift, and go to state 14
    STRING         shift, and go to state 15
    MINUS          shift, and go to state 16
    PLUS_PLUS      shift, and go to state 17
    MINUS_MINUS    shift, and go to state 18
    SEMICOLON      shift, and go to state 19
    DOUBLE_COLON   shift, and go to state 20
    LEFT_BRACE     shift, and go to state 21
    LEFT_SQUARE    shift, and go to state 22
    LEFT_BRACKETS  shift, and go to state 23

    stmt        go to state 25
    statements  go to state 106
    expr        go to state 27
    term        go to state 28
    assignexpr  go to state 29
    primary     go to state 30
    lvalue      go to state 31
    member      go to state 32
    call        go to state 33
    objectdef   go to state 34
    block       go to state 35
    funcdef     go to state 36
    const       go to state 37
    ifstmt      go to state 38
    whilestmt   go to state 39
    forstmt     go to state 40
    returnstmt  go to state 41


State 61

   67 indexedelem: LEFT_BRACE . expr COLON expr RIGHT_BRACE

    NUMBER         shift, and go to state 1
    ID             shift, and go to state 2
    NOT            shift, and go to state 10
    LOCALL         shift, and go to state 11
    TRUE           shift, and go to state 12
    FALSE          shift, and go to state 13
    NIL            shift, and go to state 14
    STRING         shift, and go to state 15
    MINUS          shift, and go to state 16
    PLUS_PLUS      shift, and go to state 17
    MINUS_MINUS    shift, and go to state 18
    DOUBLE_COLON   shift, and go to state 20
    LEFT_SQUARE    shift, and go to state 22
    LEFT_BRACKETS  shift, and go to state 23

    expr        go to state 107
    term        go to state 28
    assignexpr  go to state 29
    primary     go to state 30
    lvalue      go to state 31
    member      go to state 32
    call        go to state 33
    objectdef   go to state 34
    const       go to state 37


State 62

   63 objectdef: LEFT_SQUARE RIGHT_SQUARE .

    $default  reduce using rule 63 (objectdef)


State 63

   15 expr: expr . PLUS expr
   16     | expr . MINUS expr
   17     | expr . ASTERISK expr
   18     | expr . DIVISION expr
   19     | expr . PERCENT expr
   20     | expr . GREATER expr
   21     | expr . GREATER_EQUALS expr
   22     | expr . LESS expr
   23     | expr . LESS_EQUALS expr
   24     | expr . EQUALS expr
   25     | expr . DIFFERENT expr
   26     | expr . AND expr
   27     | expr . OR expr
   58 elist: expr .
   59      | expr . COMMA elist

    AND             shift, and go to state 71
    OR              shift, and go to state 72
    EQUALS          shift, and go to state 73
    PLUS            shift, and go to state 74
    MINUS           shift, and go to state 75
    ASTERISK        shift, and go to state 76
    DIVISION        shift, and go to state 77
    PERCENT         shift, and go to state 78
    DIFFERENT       shift, and go to state 79
    GREATER         shift, and go to state 80
    LESS            shift, and go to state 81
    GREATER_EQUALS  shift, and go to state 82
    LESS_EQUALS     shift, and go to state 83
    COMMA           shift, and go to state 108

    $default  reduce using rule 58 (elist)


State 64

   61 objectdef: LEFT_SQUARE elist . RIGHT_SQUARE

    RIGHT_SQUARE  shift, and go to state 109


State 65

   62 objectdef: LEFT_SQUARE indexed . RIGHT_SQUARE

    RIGHT_SQUARE  shift, and go to state 110


State 66

   64 indexed: indexedelem .
   65        | indexedelem . COMMA indexed

    COMMA  shift, and go to state 111

    $default  reduce using rule 64 (indexed)


State 67

   15 expr: expr . PLUS expr
   16     | expr . MINUS expr
   17     | expr . ASTERISK expr
   18     | expr . DIVISION expr
   19     | expr . PERCENT expr
   20     | expr . GREATER expr
   21     | expr . GREATER_EQUALS expr
   22     | expr . LESS expr
   23     | expr . LESS_EQUALS expr
   24     | expr . EQUALS expr
   25     | expr . DIFFERENT expr
   26     | expr . AND expr
   27     | expr . OR expr
   29 term: LEFT_BRACKETS expr . RIGHT_BRACKETS

    AND             shift, and go to state 71
    OR              shift, and go to state 72
    EQUALS          shift, and go to state 73
    PLUS            shift, and go to state 74
    MINUS           shift, and go to state 75
    ASTERISK        shift, and go to state 76
    DIVISION        shift, and go to state 77
    PERCENT         shift, and go to state 78
    DIFFERENT       shift, and go to state 79
    GREATER         shift, and go to state 80
    LESS            shift, and go to state 81
    GREATER_EQUALS  shift, and go to state 82
    LESS_EQUALS     shift, and go to state 83
    RIGHT_BRACKETS  shift, and go to state 112


State 68

   41 primary: LEFT_BRACKETS funcdef . RIGHT_BRACKETS
   53 call: LEFT_BRACKETS funcdef . RIGHT_BRACKETS LEFT_BRACKETS elist RIGHT_BRACKETS

    RIGHT_BRACKETS  shift, and go to state 113


State 69

    0 $accept: program $end .

    $default  accept


State 70

   12 statements: statements stmt .

    $default  reduce using rule 12 (statements)


State 71

   26 expr: expr AND . expr

    NUMBER         shift, and go to state 1
    ID             shift, and go to state 2
    NOT            shift, and go to state 10
    LOCALL         shift, and go to state 11
    TRUE           shift, and go to state 12
    FALSE          shift, and go to state 13
    NIL            shift, and go to state 14
    STRING         shift, and go to state 15
    MINUS          shift, and go to state 16
    PLUS_PLUS      shift, and go to state 17
    MINUS_MINUS    shift, and go to state 18
    DOUBLE_COLON   shift, and go to state 20
    LEFT_SQUARE    shift, and go to state 22
    LEFT_BRACKETS  shift, and go to state 23

    expr        go to state 114
    term        go to state 28
    assignexpr  go to state 29
    primary     go to state 30
    lvalue      go to state 31
    member      go to state 32
    call        go to state 33
    objectdef   go to state 34
    const       go to state 37


State 72

   27 expr: expr OR . expr

    NUMBER         shift, and go to state 1
    ID             shift, and go to state 2
    NOT            shift, and go to state 10
    LOCALL         shift, and go to state 11
    TRUE           shift, and go to state 12
    FALSE          shift, and go to state 13
    NIL            shift, and go to state 14
    STRING         shift, and go to state 15
    MINUS          shift, and go to state 16
    PLUS_PLUS      shift, and go to state 17
    MINUS_MINUS    shift, and go to state 18
    DOUBLE_COLON   shift, and go to state 20
    LEFT_SQUARE    shift, and go to state 22
    LEFT_BRACKETS  shift, and go to state 23

    expr        go to state 115
    term        go to state 28
    assignexpr  go to state 29
    primary     go to state 30
    lvalue      go to state 31
    member      go to state 32
    call        go to state 33
    objectdef   go to state 34
    const       go to state 37


State 73

   24 expr: expr EQUALS . expr

    NUMBER         shift, and go to state 1
    ID             shift, and go to state 2
    NOT            shift, and go to state 10
    LOCALL         shift, and go to state 11
    TRUE           shift, and go to state 12
    FALSE          shift, and go to state 13
    NIL            shift, and go to state 14
    STRING         shift, and go to state 15
    MINUS          shift, and go to state 16
    PLUS_PLUS      shift, and go to state 17
    MINUS_MINUS    shift, and go to state 18
    DOUBLE_COLON   shift, and go to state 20
    LEFT_SQUARE    shift, and go to state 22
    LEFT_BRACKETS  shift, and go to state 23

    expr        go to state 116
    term        go to state 28
    assignexpr  go to state 29
    primary     go to state 30
    lvalue      go to state 31
    member      go to state 32
    call        go to state 33
    objectdef   go to state 34
    const       go to state 37


State 74

   15 expr: expr PLUS . expr

    NUMBER         shift, and go to state 1
    ID             shift, and go to state 2
    NOT            shift, and go to state 10
    LOCALL         shift, and go to state 11
    TRUE           shift, and go to state 12
    FALSE          shift, and go to state 13
    NIL            shift, and go to state 14
    STRING         shift, and go to state 15
    MINUS          shift, and go to state 16
    PLUS_PLUS      shift, and go to state 17
    MINUS_MINUS    shift, and go to state 18
    DOUBLE_COLON   shift, and go to state 20
    LEFT_SQUARE    shift, and go to state 22
    LEFT_BRACKETS  shift, and go to state 23

    expr        go to state 117
    term        go to state 28
    assignexpr  go to state 29
    primary     go to state 30
    lvalue      go to state 31
    member      go to state 32
    call        go to state 33
    objectdef   go to state 34
    const       go to state 37


State 75

   16 expr: expr MINUS . expr

    NUMBER         shift, and go to state 1
    ID             shift, and go to state 2
    NOT            shift, and go to state 10
    LOCALL         shift, and go to state 11
    TRUE           shift, and go to state 12
    FALSE          shift, and go to state 13
    NIL            shift, and go to state 14
    STRING         shift, and go to state 15
    MINUS          shift, and go to state 16
    PLUS_PLUS      shift, and go to state 17
    MINUS_MINUS    shift, and go to state 18
    DOUBLE_COLON   shift, and go to state 20
    LEFT_SQUARE    shift, and go to state 22
    LEFT_BRACKETS  shift, and go to state 23

    expr        go to state 118
    term        go to state 28
    assignexpr  go to state 29
    primary     go to state 30
    lvalue      go to state 31
    member      go to state 32
    call        go to state 33
    objectdef   go to state 34
    const       go to state 37


State 76

   17 expr: expr ASTERISK . expr

    NUMBER         shift, and go to state 1
    ID             shift, and go to state 2
    NOT            shift, and go to state 10
    LOCALL         shift, and go to state 11
    TRUE           shift, and go to state 12
    FALSE          shift, and go to state 13
    NIL            shift, and go to state 14
    STRING         shift, and go to state 15
    MINUS          shift, and go to state 16
    PLUS_PLUS      shift, and go to state 17
    MINUS_MINUS    shift, and go to state 18
    DOUBLE_COLON   shift, and go to state 20
    LEFT_SQUARE    shift, and go to state 22
    LEFT_BRACKETS  shift, and go to state 23

    expr        go to state 119
    term        go to state 28
    assignexpr  go to state 29
    primary     go to state 30
    lvalue      go to state 31
    member      go to state 32
    call        go to state 33
    objectdef   go to state 34
    const       go to state 37


State 77

   18 expr: expr DIVISION . expr

    NUMBER         shift, and go to state 1
    ID             shift, and go to state 2
    NOT            shift, and go to state 10
    LOCALL         shift, and go to state 11
    TRUE           shift, and go to state 12
    FALSE          shift, and go to state 13
    NIL            shift, and go to state 14
    STRING         shift, and go to state 15
    MINUS          shift, and go to state 16
    PLUS_PLUS      shift, and go to state 17
    MINUS_MINUS    shift, and go to state 18
    DOUBLE_COLON   shift, and go to state 20
    LEFT_SQUARE    shift, and go to state 22
    LEFT_BRACKETS  shift, and go to state 23

    expr        go to state 120
    term        go to state 28
    assignexpr  go to state 29
    primary     go to state 30
    lvalue      go to state 31
    member      go to state 32
    call        go to state 33
    objectdef   go to state 34
    const       go to state 37


State 78

   19 expr: expr PERCENT . expr

    NUMBER         shift, and go to state 1
    ID             shift, and go to state 2
    NOT            shift, and go to state 10
    LOCALL         shift, and go to state 11
    TRUE           shift, and go to state 12
    FALSE          shift, and go to state 13
    NIL            shift, and go to state 14
    STRING         shift, and go to state 15
    MINUS          shift, and go to state 16
    PLUS_PLUS      shift, and go to state 17
    MINUS_MINUS    shift, and go to state 18
    DOUBLE_COLON   shift, and go to state 20
    LEFT_SQUARE    shift, and go to state 22
    LEFT_BRACKETS  shift, and go to state 23

    expr        go to state 121
    term        go to state 28
    assignexpr  go to state 29
    primary     go to state 30
    lvalue      go to state 31
    member      go to state 32
    call        go to state 33
    objectdef   go to state 34
    const       go to state 37


State 79

   25 expr: expr DIFFERENT . expr

    NUMBER         shift, and go to state 1
    ID             shift, and go to state 2
    NOT            shift, and go to state 10
    LOCALL         shift, and go to state 11
    TRUE           shift, and go to state 12
    FALSE          shift, and go to state 13
    NIL            shift, and go to state 14
    STRING         shift, and go to state 15
    MINUS          shift, and go to state 16
    PLUS_PLUS      shift, and go to state 17
    MINUS_MINUS    shift, and go to state 18
    DOUBLE_COLON   shift, and go to state 20
    LEFT_SQUARE    shift, and go to state 22
    LEFT_BRACKETS  shift, and go to state 23

    expr        go to state 122
    term        go to state 28
    assignexpr  go to state 29
    primary     go to state 30
    lvalue      go to state 31
    member      go to state 32
    call        go to state 33
    objectdef   go to state 34
    const       go to state 37


State 80

   20 expr: expr GREATER . expr

    NUMBER         shift, and go to state 1
    ID             shift, and go to state 2
    NOT            shift, and go to state 10
    LOCALL         shift, and go to state 11
    TRUE           shift, and go to state 12
    FALSE          shift, and go to state 13
    NIL            shift, and go to state 14
    STRING         shift, and go to state 15
    MINUS          shift, and go to state 16
    PLUS_PLUS      shift, and go to state 17
    MINUS_MINUS    shift, and go to state 18
    DOUBLE_COLON   shift, and go to state 20
    LEFT_SQUARE    shift, and go to state 22
    LEFT_BRACKETS  shift, and go to state 23

    expr        go to state 123
    term        go to state 28
    assignexpr  go to state 29
    primary     go to state 30
    lvalue      go to state 31
    member      go to state 32
    call        go to state 33
    objectdef   go to state 34
    const       go to state 37


State 81

   22 expr: expr LESS . expr

    NUMBER         shift, and go to state 1
    ID             shift, and go to state 2
    NOT            shift, and go to state 10
    LOCALL         shift, and go to state 11
    TRUE           shift, and go to state 12
    FALSE          shift, and go to state 13
    NIL            shift, and go to state 14
    STRING         shift, and go to state 15
    MINUS          shift, and go to state 16
    PLUS_PLUS      shift, and go to state 17
    MINUS_MINUS    shift, and go to state 18
    DOUBLE_COLON   shift, and go to state 20
    LEFT_SQUARE    shift, and go to state 22
    LEFT_BRACKETS  shift, and go to state 23

    expr        go to state 124
    term        go to state 28
    assignexpr  go to state 29
    primary     go to state 30
    lvalue      go to state 31
    member      go to state 32
    call        go to state 33
    objectdef   go to state 34
    const       go to state 37


State 82

   21 expr: expr GREATER_EQUALS . expr

    NUMBER         shift, and go to state 1
    ID             shift, and go to state 2
    NOT            shift, and go to state 10
    LOCALL         shift, and go to state 11
    TRUE           shift, and go to state 12
    FALSE          shift, and go to state 13
    NIL            shift, and go to state 14
    STRING         shift, and go to state 15
    MINUS          shift, and go to state 16
    PLUS_PLUS      shift, and go to state 17
    MINUS_MINUS    shift, and go to state 18
    DOUBLE_COLON   shift, and go to state 20
    LEFT_SQUARE    shift, and go to state 22
    LEFT_BRACKETS  shift, and go to state 23

    expr        go to state 125
    term        go to state 28
    assignexpr  go to state 29
    primary     go to state 30
    lvalue      go to state 31
    member      go to state 32
    call        go to state 33
    objectdef   go to state 34
    const       go to state 37


State 83

   23 expr: expr LESS_EQUALS . expr

    NUMBER         shift, and go to state 1
    ID             shift, and go to state 2
    NOT            shift, and go to state 10
    LOCALL         shift, and go to state 11
    TRUE           shift, and go to state 12
    FALSE          shift, and go to state 13
    NIL            shift, and go to state 14
    STRING         shift, and go to state 15
    MINUS          shift, and go to state 16
    PLUS_PLUS      shift, and go to state 17
    MINUS_MINUS    shift, and go to state 18
    DOUBLE_COLON   shift, and go to state 20
    LEFT_SQUARE    shift, and go to state 22
    LEFT_BRACKETS  shift, and go to state 23

    expr        go to state 126
    term        go to state 28
    assignexpr  go to state 29
    primary     go to state 30
    lvalue      go to state 31
    member      go to state 32
    call        go to state 33
    objectdef   go to state 34
    const       go to state 37


State 84

    2 stmt: expr SEMICOLON .

    $default  reduce using rule 2 (stmt)


State 85

   37 assignexpr: lvalue ASSIGN . expr

    NUMBER         shift, and go to state 1
    ID             shift, and go to state 2
    NOT            shift, and go to state 10
    LOCALL         shift, and go to state 11
    TRUE           shift, and go to state 12
    FALSE          shift, and go to state 13
    NIL            shift, and go to state 14
    STRING         shift, and go to state 15
    MINUS          shift, and go to state 16
    PLUS_PLUS      shift, and go to state 17
    MINUS_MINUS    shift, and go to state 18
    DOUBLE_COLON   shift, and go to state 20
    LEFT_SQUARE    shift, and go to state 22
    LEFT_BRACKETS  shift, and go to state 23

    expr        go to state 127
    term        go to state 28
    assignexpr  go to state 29
    primary     go to state 30
    lvalue      go to state 31
    member      go to state 32
    call        go to state 33
    objectdef   go to state 34
    const       go to state 37


State 86

   33 term: lvalue PLUS_PLUS .

    $default  reduce using rule 33 (term)


State 87

   35 term: lvalue MINUS_MINUS .

    $default  reduce using rule 35 (term)


State 88

   47 member: lvalue DOT . ID

    ID  shift, and go to state 128


State 89

   57 methodcall: Diaeresis . ID LEFT_BRACKETS elist RIGHT_BRACKETS

    ID  shift, and go to state 129


State 90

   48 member: lvalue LEFT_SQUARE . expr RIGHT_SQUARE

    NUMBER         shift, and go to state 1
    ID             shift, and go to state 2
    NOT            shift, and go to state 10
    LOCALL         shift, and go to state 11
    TRUE           shift, and go to state 12
    FALSE          shift, and go to state 13
    NIL            shift, and go to state 14
    STRING         shift, and go to state 15
    MINUS          shift, and go to state 16
    PLUS_PLUS      shift, and go to state 17
    MINUS_MINUS    shift, and go to state 18
    DOUBLE_COLON   shift, and go to state 20
    LEFT_SQUARE    shift, and go to state 22
    LEFT_BRACKETS  shift, and go to state 23

    expr        go to state 130
    term        go to state 28
    assignexpr  go to state 29
    primary     go to state 30
    lvalue      go to state 31
    member      go to state 32
    call        go to state 33
    objectdef   go to state 34
    const       go to state 37


State 91

   56 normcall: LEFT_BRACKETS . elist RIGHT_BRACKETS

    NUMBER         shift, and go to state 1
    ID             shift, and go to state 2
    NOT            shift, and go to state 10
    LOCALL         shift, and go to state 11
    TRUE           shift, and go to state 12
    FALSE          shift, and go to state 13
    NIL            shift, and go to state 14
    STRING         shift, and go to state 15
    MINUS          shift, and go to state 16
    PLUS_PLUS      shift, and go to state 17
    MINUS_MINUS    shift, and go to state 18
    DOUBLE_COLON   shift, and go to state 20
    LEFT_SQUARE    shift, and go to state 22
    LEFT_BRACKETS  shift, and go to state 23

    $default  reduce using rule 60 (elist)

    expr        go to state 63
    term        go to state 28
    assignexpr  go to state 29
    primary     go to state 30
    lvalue      go to state 31
    member      go to state 32
    call        go to state 33
    elist       go to state 131
    objectdef   go to state 34
    const       go to state 37


State 92

   52 call: lvalue callsuffix .

    $default  reduce using rule 52 (call)


State 93

   54 callsuffix: normcall .

    $default  reduce using rule 54 (callsuffix)


State 94

   55 callsuffix: methodcall .

    $default  reduce using rule 55 (callsuffix)


State 95

   49 member: call DOT . ID

    ID  shift, and go to state 132


State 96

   50 member: call LEFT_SQUARE . expr RIGHT_SQUARE

    NUMBER         shift, and go to state 1
    ID             shift, and go to state 2
    NOT            shift, and go to state 10
    LOCALL         shift, and go to state 11
    TRUE           shift, and go to state 12
    FALSE          shift, and go to state 13
    NIL            shift, and go to state 14
    STRING         shift, and go to state 15
    MINUS          shift, and go to state 16
    PLUS_PLUS      shift, and go to state 17
    MINUS_MINUS    shift, and go to state 18
    DOUBLE_COLON   shift, and go to state 20
    LEFT_SQUARE    shift, and go to state 22
    LEFT_BRACKETS  shift, and go to state 23

    expr        go to state 133
    term        go to state 28
    assignexpr  go to state 29
    primary     go to state 30
    lvalue      go to state 31
    member      go to state 32
    call        go to state 33
    objectdef   go to state 34
    const       go to state 37


State 97

   51 call: call LEFT_BRACKETS . elist RIGHT_BRACKETS

    NUMBER         shift, and go to state 1
    ID             shift, and go to state 2
    NOT            shift, and go to state 10
    LOCALL         shift, and go to state 11
    TRUE           shift, and go to state 12
    FALSE          shift, and go to state 13
    NIL            shift, and go to state 14
    STRING         shift, and go to state 15
    MINUS          shift, and go to state 16
    PLUS_PLUS      shift, and go to state 17
    MINUS_MINUS    shift, and go to state 18
    DOUBLE_COLON   shift, and go to state 20
    LEFT_SQUARE    shift, and go to state 22
    LEFT_BRACKETS  shift, and go to state 23

    $default  reduce using rule 60 (elist)

    expr        go to state 63
    term        go to state 28
    assignexpr  go to state 29
    primary     go to state 30
    lvalue      go to state 31
    member      go to state 32
    call        go to state 33
    elist       go to state 134
    objectdef   go to state 34
    const       go to state 37


State 98

   15 expr: expr . PLUS expr
   16     | expr . MINUS expr
   17     | expr . ASTERISK expr
   18     | expr . DIVISION expr
   19     | expr . PERCENT expr
   20     | expr . GREATER expr
   21     | expr . GREATER_EQUALS expr
   22     | expr . LESS expr
   23     | expr . LESS_EQUALS expr
   24     | expr . EQUALS expr
   25     | expr . DIFFERENT expr
   26     | expr . AND expr
   27     | expr . OR expr
   93 ifstmt: IF LEFT_BRACKETS expr . RIGHT_BRACKETS stmt ELSE stmt
   94       | IF LEFT_BRACKETS expr . RIGHT_BRACKETS stmt

    AND             shift, and go to state 71
    OR              shift, and go to state 72
    EQUALS          shift, and go to state 73
    PLUS            shift, and go to state 74
    MINUS           shift, and go to state 75
    ASTERISK        shift, and go to state 76
    DIVISION        shift, and go to state 77
    PERCENT         shift, and go to state 78
    DIFFERENT       shift, and go to state 79
    GREATER         shift, and go to state 80
    LESS            shift, and go to state 81
    GREATER_EQUALS  shift, and go to state 82
    LESS_EQUALS     shift, and go to state 83
    RIGHT_BRACKETS  shift, and go to state 135


State 99

   96 whilestmt: WHILE LEFT_BRACKETS $@12 . expr RIGHT_BRACKETS stmt

    NUMBER         shift, and go to state 1
    ID             shift, and go to state 2
    NOT            shift, and go to state 10
    LOCALL         shift, and go to state 11
    TRUE           shift, and go to state 12
    FALSE          shift, and go to state 13
    NIL            shift, and go to state 14
    STRING         shift, and go to state 15
    MINUS          shift, and go to state 16
    PLUS_PLUS      shift, and go to state 17
    MINUS_MINUS    shift, and go to state 18
    DOUBLE_COLON   shift, and go to state 20
    LEFT_SQUARE    shift, and go to state 22
    LEFT_BRACKETS  shift, and go to state 23

    expr        go to state 136
    term        go to state 28
    assignexpr  go to state 29
    primary     go to state 30
    lvalue      go to state 31
    member      go to state 32
    call        go to state 33
    objectdef   go to state 34
    const       go to state 37


State 100

   98 forstmt: FOR LEFT_BRACKETS $@13 . elist SEMICOLON expr SEMICOLON elist RIGHT_BRACKETS stmt

    NUMBER         shift, and go to state 1
    ID             shift, and go to state 2
    NOT            shift, and go to state 10
    LOCALL         shift, and go to state 11
    TRUE           shift, and go to state 12
    FALSE          shift, and go to state 13
    NIL            shift, and go to state 14
    STRING         shift, and go to state 15
    MINUS          shift, and go to state 16
    PLUS_PLUS      shift, and go to state 17
    MINUS_MINUS    shift, and go to state 18
    DOUBLE_COLON   shift, and go to state 20
    LEFT_SQUARE    shift, and go to state 22
    LEFT_BRACKETS  shift, and go to state 23

    $default  reduce using rule 60 (elist)

    expr        go to state 63
    term        go to state 28
    assignexpr  go to state 29
    primary     go to state 30
    lvalue      go to state 31
    member      go to state 32
    call        go to state 33
    elist       go to state 137
    objectdef   go to state 34
    const       go to state 37


State 101

   79 funcdef: FUNCTION ID $@5 . LEFT_BRACKETS $@6 idlist $@7 RIGHT_BRACKETS block_func

    LEFT_BRACKETS  shift, and go to state 138


State 102

   83 funcdef: FUNCTION $@8 LEFT_BRACKETS . $@9 idlist $@10 RIGHT_BRACKETS block_func

    $default  reduce using rule 81 ($@9)

    $@9  go to state 139


State 103

   99 returnstmt: RETURN expr SEMICOLON .

    $default  reduce using rule 99 (returnstmt)


State 104

   53 call: LEFT_BRACKETS funcdef . RIGHT_BRACKETS LEFT_BRACKETS elist RIGHT_BRACKETS

    RIGHT_BRACKETS  shift, and go to state 140


State 105

   69 block: LEFT_BRACE $@1 RIGHT_BRACE .

    $default  reduce using rule 69 (block)


State 106

   12 statements: statements . stmt
   71 block: LEFT_BRACE $@2 statements . RIGHT_BRACE

    NUMBER         shift, and go to state 1
    ID             shift, and go to state 2
    IF             shift, and go to state 3
    WHILE          shift, and go to state 4
    FOR            shift, and go to state 5
    FUNCTION       shift, and go to state 6
    RETURN         shift, and go to state 7
    BREAK          shift, and go to state 8
    CONTINUE       shift, and go to state 9
    NOT            shift, and go to state 10
    LOCALL         shift, and go to state 11
    TRUE           shift, and go to state 12
    FALSE          shift, and go to state 13
    NIL            shift, and go to state 14
    STRING         shift, and go to state 15
    MINUS          shift, and go to state 16
    PLUS_PLUS      shift, and go to state 17
    MINUS_MINUS    shift, and go to state 18
    SEMICOLON      shift, and go to state 19
    DOUBLE_COLON   shift, and go to state 20
    LEFT_BRACE     shift, and go to state 21
    RIGHT_BRACE    shift, and go to state 141
    LEFT_SQUARE    shift, and go to state 22
    LEFT_BRACKETS  shift, and go to state 23

    stmt        go to state 70
    expr        go to state 27
    term        go to state 28
    assignexpr  go to state 29
    primary     go to state 30
    lvalue      go to state 31
    member      go to state 32
    call        go to state 33
    objectdef   go to state 34
    block       go to state 35
    funcdef     go to state 36
    const       go to state 37
    ifstmt      go to state 38
    whilestmt   go to state 39
    forstmt     go to state 40
    returnstmt  go to state 41


State 107

   15 expr: expr . PLUS expr
   16     | expr . MINUS expr
   17     | expr . ASTERISK expr
   18     | expr . DIVISION expr
   19     | expr . PERCENT expr
   20     | expr . GREATER expr
   21     | expr . GREATER_EQUALS expr
   22     | expr . LESS expr
   23     | expr . LESS_EQUALS expr
   24     | expr . EQUALS expr
   25     | expr . DIFFERENT expr
   26     | expr . AND expr
   27     | expr . OR expr
   67 indexedelem: LEFT_BRACE expr . COLON expr RIGHT_BRACE

    AND             shift, and go to state 71
    OR              shift, and go to state 72
    EQUALS          shift, and go to state 73
    PLUS            shift, and go to state 74
    MINUS           shift, and go to state 75
    ASTERISK        shift, and go to state 76
    DIVISION        shift, and go to state 77
    PERCENT         shift, and go to state 78
    DIFFERENT       shift, and go to state 79
    GREATER         shift, and go to state 80
    LESS            shift, and go to state 81
    GREATER_EQUALS  shift, and go to state 82
    LESS_EQUALS     shift, and go to state 83
    COLON           shift, and go to state 142


State 108

   59 elist: expr COMMA . elist

    NUMBER         shift, and go to state 1
    ID             shift, and go to state 2
    NOT            shift, and go to state 10
    LOCALL         shift, and go to state 11
    TRUE           shift, and go to state 12
    FALSE          shift, and go to state 13
    NIL            shift, and go to state 14
    STRING         shift, and go to state 15
    MINUS          shift, and go to state 16
    PLUS_PLUS      shift, and go to state 17
    MINUS_MINUS    shift, and go to state 18
    DOUBLE_COLON   shift, and go to state 20
    LEFT_SQUARE    shift, and go to state 22
    LEFT_BRACKETS  shift, and go to state 23

    $default  reduce using rule 60 (elist)

    expr        go to state 63
    term        go to state 28
    assignexpr  go to state 29
    primary     go to state 30
    lvalue      go to state 31
    member      go to state 32
    call        go to state 33
    elist       go to state 143
    objectdef   go to state 34
    const       go to state 37


State 109

   61 objectdef: LEFT_SQUARE elist RIGHT_SQUARE .

    $default  reduce using rule 61 (objectdef)


State 110

   62 objectdef: LEFT_SQUARE indexed RIGHT_SQUARE .

    $default  reduce using rule 62 (objectdef)


State 111

   65 indexed: indexedelem COMMA . indexed

    LEFT_BRACE  shift, and go to state 61

    $default  reduce using rule 66 (indexed)

    indexed      go to state 144
    indexedelem  go to state 66


State 112

   29 term: LEFT_BRACKETS expr RIGHT_BRACKETS .

    $default  reduce using rule 29 (term)


State 113

   41 primary: LEFT_BRACKETS funcdef RIGHT_BRACKETS .
   53 call: LEFT_BRACKETS funcdef RIGHT_BRACKETS . LEFT_BRACKETS elist RIGHT_BRACKETS

    LEFT_BRACKETS  shift, and go to state 145

    $default  reduce using rule 41 (primary)


State 114

   15 expr: expr . PLUS expr
   16     | expr . MINUS expr
   17     | expr . ASTERISK expr
   18     | expr . DIVISION expr
   19     | expr . PERCENT expr
   20     | expr . GREATER expr
   21     | expr . GREATER_EQUALS expr
   22     | expr . LESS expr
   23     | expr . LESS_EQUALS expr
   24     | expr . EQUALS expr
   25     | expr . DIFFERENT expr
   26     | expr . AND expr
   26     | expr AND expr .
   27     | expr . OR expr

    EQUALS          shift, and go to state 73
    PLUS            shift, and go to state 74
    MINUS           shift, and go to state 75
    ASTERISK        shift, and go to state 76
    DIVISION        shift, and go to state 77
    PERCENT         shift, and go to state 78
    DIFFERENT       shift, and go to state 79
    GREATER         shift, and go to state 80
    LESS            shift, and go to state 81
    GREATER_EQUALS  shift, and go to state 82
    LESS_EQUALS     shift, and go to state 83

    $default  reduce using rule 26 (expr)


State 115

   15 expr: expr . PLUS expr
   16     | expr . MINUS expr
   17     | expr . ASTERISK expr
   18     | expr . DIVISION expr
   19     | expr . PERCENT expr
   20     | expr . GREATER expr
   21     | expr . GREATER_EQUALS expr
   22     | expr . LESS expr
   23     | expr . LESS_EQUALS expr
   24     | expr . EQUALS expr
   25     | expr . DIFFERENT expr
   26     | expr . AND expr
   27     | expr . OR expr
   27     | expr OR expr .

    AND             shift, and go to state 71
    EQUALS          shift, and go to state 73
    PLUS            shift, and go to state 74
    MINUS           shift, and go to state 75
    ASTERISK        shift, and go to state 76
    DIVISION        shift, and go to state 77
    PERCENT         shift, and go to state 78
    DIFFERENT       shift, and go to state 79
    GREATER         shift, and go to state 80
    LESS            shift, and go to state 81
    GREATER_EQUALS  shift, and go to state 82
    LESS_EQUALS     shift, and go to state 83

    $default  reduce using rule 27 (expr)


State 116

   15 expr: expr . PLUS expr
   16     | expr . MINUS expr
   17     | expr . ASTERISK expr
   18     | expr . DIVISION expr
   19     | expr . PERCENT expr
   20     | expr . GREATER expr
   21     | expr . GREATER_EQUALS expr
   22     | expr . LESS expr
   23     | expr . LESS_EQUALS expr
   24     | expr . EQUALS expr
   24     | expr EQUALS expr .
   25     | expr . DIFFERENT expr
   26     | expr . AND expr
   27     | expr . OR expr

    PLUS            shift, and go to state 74
    MINUS           shift, and go to state 75
    ASTERISK        shift, and go to state 76
    DIVISION        shift, and go to state 77
    PERCENT         shift, and go to state 78
    GREATER         shift, and go to state 80
    LESS            shift, and go to state 81
    GREATER_EQUALS  shift, and go to state 82
    LESS_EQUALS     shift, and go to state 83

    EQUALS     error (nonassociative)
    DIFFERENT  error (nonassociative)

    $default  reduce using rule 24 (expr)


State 117

   15 expr: expr . PLUS expr
   15     | expr PLUS expr .
   16     | expr . MINUS expr
   17     | expr . ASTERISK expr
   18     | expr . DIVISION expr
   19     | expr . PERCENT expr
   20     | expr . GREATER expr
   21     | expr . GREATER_EQUALS expr
   22     | expr . LESS expr
   23     | expr . LESS_EQUALS expr
   24     | expr . EQUALS expr
   25     | expr . DIFFERENT expr
   26     | expr . AND expr
   27     | expr . OR expr

    ASTERISK  shift, and go to state 76
    DIVISION  shift, and go to state 77
    PERCENT   shift, and go to state 78

    $default  reduce using rule 15 (expr)


State 118

   15 expr: expr . PLUS expr
   16     | expr . MINUS expr
   16     | expr MINUS expr .
   17     | expr . ASTERISK expr
   18     | expr . DIVISION expr
   19     | expr . PERCENT expr
   20     | expr . GREATER expr
   21     | expr . GREATER_EQUALS expr
   22     | expr . LESS expr
   23     | expr . LESS_EQUALS expr
   24     | expr . EQUALS expr
   25     | expr . DIFFERENT expr
   26     | expr . AND expr
   27     | expr . OR expr

    ASTERISK  shift, and go to state 76
    DIVISION  shift, and go to state 77
    PERCENT   shift, and go to state 78

    $default  reduce using rule 16 (expr)


State 119

   15 expr: expr . PLUS expr
   16     | expr . MINUS expr
   17     | expr . ASTERISK expr
   17     | expr ASTERISK expr .
   18     | expr . DIVISION expr
   19     | expr . PERCENT expr
   20     | expr . GREATER expr
   21     | expr . GREATER_EQUALS expr
   22     | expr . LESS expr
   23     | expr . LESS_EQUALS expr
   24     | expr . EQUALS expr
   25     | expr . DIFFERENT expr
   26     | expr . AND expr
   27     | expr . OR expr

    $default  reduce using rule 17 (expr)


State 120

   15 expr: expr . PLUS expr
   16     | expr . MINUS expr
   17     | expr . ASTERISK expr
   18     | expr . DIVISION expr
   18     | expr DIVISION expr .
   19     | expr . PERCENT expr
   20     | expr . GREATER expr
   21     | expr . GREATER_EQUALS expr
   22     | expr . LESS expr
   23     | expr . LESS_EQUALS expr
   24     | expr . EQUALS expr
   25     | expr . DIFFERENT expr
   26     | expr . AND expr
   27     | expr . OR expr

    $default  reduce using rule 18 (expr)


State 121

   15 expr: expr . PLUS expr
   16     | expr . MINUS expr
   17     | expr . ASTERISK expr
   18     | expr . DIVISION expr
   19     | expr . PERCENT expr
   19     | expr PERCENT expr .
   20     | expr . GREATER expr
   21     | expr . GREATER_EQUALS expr
   22     | expr . LESS expr
   23     | expr . LESS_EQUALS expr
   24     | expr . EQUALS expr
   25     | expr . DIFFERENT expr
   26     | expr . AND expr
   27     | expr . OR expr

    $default  reduce using rule 19 (expr)


State 122

   15 expr: expr . PLUS expr
   16     | expr . MINUS expr
   17     | expr . ASTERISK expr
   18     | expr . DIVISION expr
   19     | expr . PERCENT expr
   20     | expr . GREATER expr
   21     | expr . GREATER_EQUALS expr
   22     | expr . LESS expr
   23     | expr . LESS_EQUALS expr
   24     | expr . EQUALS expr
   25     | expr . DIFFERENT expr
   25     | expr DIFFERENT expr .
   26     | expr . AND expr
   27     | expr . OR expr

    PLUS            shift, and go to state 74
    MINUS           shift, and go to state 75
    ASTERISK        shift, and go to state 76
    DIVISION        shift, and go to state 77
    PERCENT         shift, and go to state 78
    GREATER         shift, and go to state 80
    LESS            shift, and go to state 81
    GREATER_EQUALS  shift, and go to state 82
    LESS_EQUALS     shift, and go to state 83

    EQUALS     error (nonassociative)
    DIFFERENT  error (nonassociative)

    $default  reduce using rule 25 (expr)


State 123

   15 expr: expr . PLUS expr
   16     | expr . MINUS expr
   17     | expr . ASTERISK expr
   18     | expr . DIVISION expr
   19     | expr . PERCENT expr
   20     | expr . GREATER expr
   20     | expr GREATER expr .
   21     | expr . GREATER_EQUALS expr
   22     | expr . LESS expr
   23     | expr . LESS_EQUALS expr
   24     | expr . EQUALS expr
   25     | expr . DIFFERENT expr
   26     | expr . AND expr
   27     | expr . OR expr

    PLUS      shift, and go to state 74
    MINUS     shift, and go to state 75
    ASTERISK  shift, and go to state 76
    DIVISION  shift, and go to state 77
    PERCENT   shift, and go to state 78

    GREATER         error (nonassociative)
    LESS            error (nonassociative)
    GREATER_EQUALS  error (nonassociative)
    LESS_EQUALS     error (nonassociative)

    $default  reduce using rule 20 (expr)


State 124

   15 expr: expr . PLUS expr
   16     | expr . MINUS expr
   17     | expr . ASTERISK expr
   18     | expr . DIVISION expr
   19     | expr . PERCENT expr
   20     | expr . GREATER expr
   21     | expr . GREATER_EQUALS expr
   22     | expr . LESS expr
   22     | expr LESS expr .
   23     | expr . LESS_EQUALS expr
   24     | expr . EQUALS expr
   25     | expr . DIFFERENT expr
   26     | expr . AND expr
   27     | expr . OR expr

    PLUS      shift, and go to state 74
    MINUS     shift, and go to state 75
    ASTERISK  shift, and go to state 76
    DIVISION  shift, and go to state 77
    PERCENT   shift, and go to state 78

    GREATER         error (nonassociative)
    LESS            error (nonassociative)
    GREATER_EQUALS  error (nonassociative)
    LESS_EQUALS     error (nonassociative)

    $default  reduce using rule 22 (expr)


State 125

   15 expr: expr . PLUS expr
   16     | expr . MINUS expr
   17     | expr . ASTERISK expr
   18     | expr . DIVISION expr
   19     | expr . PERCENT expr
   20     | expr . GREATER expr
   21     | expr . GREATER_EQUALS expr
   21     | expr GREATER_EQUALS expr .
   22     | expr . LESS expr
   23     | expr . LESS_EQUALS expr
   24     | expr . EQUALS expr
   25     | expr . DIFFERENT expr
   26     | expr . AND expr
   27     | expr . OR expr

    PLUS      shift, and go to state 74
    MINUS     shift, and go to state 75
    ASTERISK  shift, and go to state 76
    DIVISION  shift, and go to state 77
    PERCENT   shift, and go to state 78

    GREATER         error (nonassociative)
    LESS            error (nonassociative)
    GREATER_EQUALS  error (nonassociative)
    LESS_EQUALS     error (nonassociative)

    $default  reduce using rule 21 (expr)


State 126

   15 expr: expr . PLUS expr
   16     | expr . MINUS expr
   17     | expr . ASTERISK expr
   18     | expr . DIVISION expr
   19     | expr . PERCENT expr
   20     | expr . GREATER expr
   21     | expr . GREATER_EQUALS expr
   22     | expr . LESS expr
   23     | expr . LESS_EQUALS expr
   23     | expr LESS_EQUALS expr .
   24     | expr . EQUALS expr
   25     | expr . DIFFERENT expr
   26     | expr . AND expr
   27     | expr . OR expr

    PLUS      shift, and go to state 74
    MINUS     shift, and go to state 75
    ASTERISK  shift, and go to state 76
    DIVISION  shift, and go to state 77
    PERCENT   shift, and go to state 78

    GREATER         error (nonassociative)
    LESS            error (nonassociative)
    GREATER_EQUALS  error (nonassociative)
    LESS_EQUALS     error (nonassociative)

    $default  reduce using rule 23 (expr)


State 127

   15 expr: expr . PLUS expr
   16     | expr . MINUS expr
   17     | expr . ASTERISK expr
   18     | expr . DIVISION expr
   19     | expr . PERCENT expr
   20     | expr . GREATER expr
   21     | expr . GREATER_EQUALS expr
   22     | expr . LESS expr
   23     | expr . LESS_EQUALS expr
   24     | expr . EQUALS expr
   25     | expr . DIFFERENT expr
   26     | expr . AND expr
   27     | expr . OR expr
   37 assignexpr: lvalue ASSIGN expr .

    AND             shift, and go to state 71
    OR              shift, and go to state 72
    EQUALS          shift, and go to state 73
    PLUS            shift, and go to state 74
    MINUS           shift, and go to state 75
    ASTERISK        shift, and go to state 76
    DIVISION        shift, and go to state 77
    PERCENT         shift, and go to state 78
    DIFFERENT       shift, and go to state 79
    GREATER         shift, and go to state 80
    LESS            shift, and go to state 81
    GREATER_EQUALS  shift, and go to state 82
    LESS_EQUALS     shift, and go to state 83

    $default  reduce using rule 37 (assignexpr)


State 128

   47 member: lvalue DOT ID .

    $default  reduce using rule 47 (member)


State 129

   57 methodcall: Diaeresis ID . LEFT_BRACKETS elist RIGHT_BRACKETS

    LEFT_BRACKETS  shift, and go to state 146


State 130

   15 expr: expr . PLUS expr
   16     | expr . MINUS expr
   17     | expr . ASTERISK expr
   18     | expr . DIVISION expr
   19     | expr . PERCENT expr
   20     | expr . GREATER expr
   21     | expr . GREATER_EQUALS expr
   22     | expr . LESS expr
   23     | expr . LESS_EQUALS expr
   24     | expr . EQUALS expr
   25     | expr . DIFFERENT expr
   26     | expr . AND expr
   27     | expr . OR expr
   48 member: lvalue LEFT_SQUARE expr . RIGHT_SQUARE

    AND             shift, and go to state 71
    OR              shift, and go to state 72
    EQUALS          shift, and go to state 73
    PLUS            shift, and go to state 74
    MINUS           shift, and go to state 75
    ASTERISK        shift, and go to state 76
    DIVISION        shift, and go to state 77
    PERCENT         shift, and go to state 78
    DIFFERENT       shift, and go to state 79
    GREATER         shift, and go to state 80
    LESS            shift, and go to state 81
    GREATER_EQUALS  shift, and go to state 82
    LESS_EQUALS     shift, and go to state 83
    RIGHT_SQUARE    shift, and go to state 147


State 131

   56 normcall: LEFT_BRACKETS elist . RIGHT_BRACKETS

    RIGHT_BRACKETS  shift, and go to state 148


State 132

   49 member: call DOT ID .

    $default  reduce using rule 49 (member)


State 133

   15 expr: expr . PLUS expr
   16     | expr . MINUS expr
   17     | expr . ASTERISK expr
   18     | expr . DIVISION expr
   19     | expr . PERCENT expr
   20     | expr . GREATER expr
   21     | expr . GREATER_EQUALS expr
   22     | expr . LESS expr
   23     | expr . LESS_EQUALS expr
   24     | expr . EQUALS expr
   25     | expr . DIFFERENT expr
   26     | expr . AND expr
   27     | expr . OR expr
   50 member: call LEFT_SQUARE expr . RIGHT_SQUARE

    AND             shift, and go to state 71
    OR              shift, and go to state 72
    EQUALS          shift, and go to state 73
    PLUS            shift, and go to state 74
    MINUS           shift, and go to state 75
    ASTERISK        shift, and go to state 76
    DIVISION        shift, and go to state 77
    PERCENT         shift, and go to state 78
    DIFFERENT       shift, and go to state 79
    GREATER         shift, and go to state 80
    LESS            shift, and go to state 81
    GREATER_EQUALS  shift, and go to state 82
    LESS_EQUALS     shift, and go to state 83
    RIGHT_SQUARE    shift, and go to state 149


State 134

   51 call: call LEFT_BRACKETS elist . RIGHT_BRACKETS

    RIGHT_BRACKETS  shift, and go to state 150


State 135

   93 ifstmt: IF LEFT_BRACKETS expr RIGHT_BRACKETS . stmt ELSE stmt
   94       | IF LEFT_BRACKETS expr RIGHT_BRACKETS . stmt

    NUMBER         shift, and go to state 1
    ID             shift, and go to state 2
    IF             shift, and go to state 3
    WHILE          shift, and go to state 4
    FOR            shift, and go to state 5
    FUNCTION       shift, and go to state 6
    RETURN         shift, and go to state 7
    BREAK          shift, and go to state 8
    CONTINUE       shift, and go to state 9
    NOT            shift, and go to state 10
    LOCALL         shift, and go to state 11
    TRUE           shift, and go to state 12
    FALSE          shift, and go to state 13
    NIL            shift, and go to state 14
    STRING         shift, and go to state 15
    MINUS          shift, and go to state 16
    PLUS_PLUS      shift, and go to state 17
    MINUS_MINUS    shift, and go to state 18
    SEMICOLON      shift, and go to state 19
    DOUBLE_COLON   shift, and go to state 20
    LEFT_BRACE     shift, and go to state 21
    LEFT_SQUARE    shift, and go to state 22
    LEFT_BRACKETS  shift, and go to state 23

    stmt        go to state 151
    expr        go to state 27
    term        go to state 28
    assignexpr  go to state 29
    primary     go to state 30
    lvalue      go to state 31
    member      go to state 32
    call        go to state 33
    objectdef   go to state 34
    block       go to state 35
    funcdef     go to state 36
    const       go to state 37
    ifstmt      go to state 38
    whilestmt   go to state 39
    forstmt     go to state 40
    returnstmt  go to state 41


State 136

   15 expr: expr . PLUS expr
   16     | expr . MINUS expr
   17     | expr . ASTERISK expr
   18     | expr . DIVISION expr
   19     | expr . PERCENT expr
   20     | expr . GREATER expr
   21     | expr . GREATER_EQUALS expr
   22     | expr . LESS expr
   23     | expr . LESS_EQUALS expr
   24     | expr . EQUALS expr
   25     | expr . DIFFERENT expr
   26     | expr . AND expr
   27     | expr . OR expr
   96 whilestmt: WHILE LEFT_BRACKETS $@12 expr . RIGHT_BRACKETS stmt

    AND             shift, and go to state 71
    OR              shift, and go to state 72
    EQUALS          shift, and go to state 73
    PLUS            shift, and go to state 74
    MINUS           shift, and go to state 75
    ASTERISK        shift, and go to state 76
    DIVISION        shift, and go to state 77
    PERCENT         shift, and go to state 78
    DIFFERENT       shift, and go to state 79
    GREATER         shift, and go to state 80
    LESS            shift, and go to state 81
    GREATER_EQUALS  shift, and go to state 82
    LESS_EQUALS     shift, and go to state 83
    RIGHT_BRACKETS  shift, and go to state 152


State 137

   98 forstmt: FOR LEFT_BRACKETS $@13 elist . SEMICOLON expr SEMICOLON elist RIGHT_BRACKETS stmt

    SEMICOLON  shift, and go to state 153


State 138

   79 funcdef: FUNCTION ID $@5 LEFT_BRACKETS . $@6 idlist $@7 RIGHT_BRACKETS block_func

    $default  reduce using rule 77 ($@6)

    $@6  go to state 154


State 139

   83 funcdef: FUNCTION $@8 LEFT_BRACKETS $@9 . idlist $@10 RIGHT_BRACKETS block_func

    ID  shift, and go to state 155

    $default  reduce using rule 92 (idlist)

    idlist  go to state 156


State 140

   53 call: LEFT_BRACKETS funcdef RIGHT_BRACKETS . LEFT_BRACKETS elist RIGHT_BRACKETS

    LEFT_BRACKETS  shift, and go to state 145


State 141

   71 block: LEFT_BRACE $@2 statements RIGHT_BRACE .

    $default  reduce using rule 71 (block)


State 142

   67 indexedelem: LEFT_BRACE expr COLON . expr RIGHT_BRACE

    NUMBER         shift, and go to state 1
    ID             shift, and go to state 2
    NOT            shift, and go to state 10
    LOCALL         shift, and go to state 11
    TRUE           shift, and go to state 12
    FALSE          shift, and go to state 13
    NIL            shift, and go to state 14
    STRING         shift, and go to state 15
    MINUS          shift, and go to state 16
    PLUS_PLUS      shift, and go to state 17
    MINUS_MINUS    shift, and go to state 18
    DOUBLE_COLON   shift, and go to state 20
    LEFT_SQUARE    shift, and go to state 22
    LEFT_BRACKETS  shift, and go to state 23

    expr        go to state 157
    term        go to state 28
    assignexpr  go to state 29
    primary     go to state 30
    lvalue      go to state 31
    member      go to state 32
    call        go to state 33
    objectdef   go to state 34
    const       go to state 37


State 143

   59 elist: expr COMMA elist .

    $default  reduce using rule 59 (elist)


State 144

   65 indexed: indexedelem COMMA indexed .

    $default  reduce using rule 65 (indexed)


State 145

   53 call: LEFT_BRACKETS funcdef RIGHT_BRACKETS LEFT_BRACKETS . elist RIGHT_BRACKETS

    NUMBER         shift, and go to state 1
    ID             shift, and go to state 2
    NOT            shift, and go to state 10
    LOCALL         shift, and go to state 11
    TRUE           shift, and go to state 12
    FALSE          shift, and go to state 13
    NIL            shift, and go to state 14
    STRING         shift, and go to state 15
    MINUS          shift, and go to state 16
    PLUS_PLUS      shift, and go to state 17
    MINUS_MINUS    shift, and go to state 18
    DOUBLE_COLON   shift, and go to state 20
    LEFT_SQUARE    shift, and go to state 22
    LEFT_BRACKETS  shift, and go to state 23

    $default  reduce using rule 60 (elist)

    expr        go to state 63
    term        go to state 28
    assignexpr  go to state 29
    primary     go to state 30
    lvalue      go to state 31
    member      go to state 32
    call        go to state 33
    elist       go to state 158
    objectdef   go to state 34
    const       go to state 37


State 146

   57 methodcall: Diaeresis ID LEFT_BRACKETS . elist RIGHT_BRACKETS

    NUMBER         shift, and go to state 1
    ID             shift, and go to state 2
    NOT            shift, and go to state 10
    LOCALL         shift, and go to state 11
    TRUE           shift, and go to state 12
    FALSE          shift, and go to state 13
    NIL            shift, and go to state 14
    STRING         shift, and go to state 15
    MINUS          shift, and go to state 16
    PLUS_PLUS      shift, and go to state 17
    MINUS_MINUS    shift, and go to state 18
    DOUBLE_COLON   shift, and go to state 20
    LEFT_SQUARE    shift, and go to state 22
    LEFT_BRACKETS  shift, and go to state 23

    $default  reduce using rule 60 (elist)

    expr        go to state 63
    term        go to state 28
    assignexpr  go to state 29
    primary     go to state 30
    lvalue      go to state 31
    member      go to state 32
    call        go to state 33
    elist       go to state 159
    objectdef   go to state 34
    const       go to state 37


State 147

   48 member: lvalue LEFT_SQUARE expr RIGHT_SQUARE .

    $default  reduce using rule 48 (member)


State 148

   56 normcall: LEFT_BRACKETS elist RIGHT_BRACKETS .

    $default  reduce using rule 56 (normcall)


State 149

   50 member: call LEFT_SQUARE expr RIGHT_SQUARE .

    $default  reduce using rule 50 (member)


State 150

   51 call: call LEFT_BRACKETS elist RIGHT_BRACKETS .

    $default  reduce using rule 51 (call)


State 151

   93 ifstmt: IF LEFT_BRACKETS expr RIGHT_BRACKETS stmt . ELSE stmt
   94       | IF LEFT_BRACKETS expr RIGHT_BRACKETS stmt .

    ELSE  shift, and go to state 160

    ELSE      [reduce using rule 94 (ifstmt)]
    $default  reduce using rule 94 (ifstmt)


State 152

   96 whilestmt: WHILE LEFT_BRACKETS $@12 expr RIGHT_BRACKETS . stmt

    NUMBER         shift, and go to state 1
    ID             shift, and go to state 2
    IF             shift, and go to state 3
    WHILE          shift, and go to state 4
    FOR            shift, and go to state 5
    FUNCTION       shift, and go to state 6
    RETURN         shift, and go to state 7
    BREAK          shift, and go to state 8
    CONTINUE       shift, and go to state 9
    NOT            shift, and go to state 10
    LOCALL         shift, and go to state 11
    TRUE           shift, and go to state 12
    FALSE          shift, and go to state 13
    NIL            shift, and go to state 14
    STRING         shift, and go to state 15
    MINUS          shift, and go to state 16
    PLUS_PLUS      shift, and go to state 17
    MINUS_MINUS    shift, and go to state 18
    SEMICOLON      shift, and go to state 19
    DOUBLE_COLON   shift, and go to state 20
    LEFT_BRACE     shift, and go to state 21
    LEFT_SQUARE    shift, and go to state 22
    LEFT_BRACKETS  shift, and go to state 23

    stmt        go to state 161
    expr        go to state 27
    term        go to state 28
    assignexpr  go to state 29
    primary     go to state 30
    lvalue      go to state 31
    member      go to state 32
    call        go to state 33
    objectdef   go to state 34
    block       go to state 35
    funcdef     go to state 36
    const       go to state 37
    ifstmt      go to state 38
    whilestmt   go to state 39
    forstmt     go to state 40
    returnstmt  go to state 41


State 153

   98 forstmt: FOR LEFT_BRACKETS $@13 elist SEMICOLON . expr SEMICOLON elist RIGHT_BRACKETS stmt

    NUMBER         shift, and go to state 1
    ID             shift, and go to state 2
    NOT            shift, and go to state 10
    LOCALL         shift, and go to state 11
    TRUE           shift, and go to state 12
    FALSE          shift, and go to state 13
    NIL            shift, and go to state 14
    STRING         shift, and go to state 15
    MINUS          shift, and go to state 16
    PLUS_PLUS      shift, and go to state 17
    MINUS_MINUS    shift, and go to state 18
    DOUBLE_COLON   shift, and go to state 20
    LEFT_SQUARE    shift, and go to state 22
    LEFT_BRACKETS  shift, and go to state 23

    expr        go to state 162
    term        go to state 28
    assignexpr  go to state 29
    primary     go to state 30
    lvalue      go to state 31
    member      go to state 32
    call        go to state 33
    objectdef   go to state 34
    const       go to state 37


State 154

   79 funcdef: FUNCTION ID $@5 LEFT_BRACKETS $@6 . idlist $@7 RIGHT_BRACKETS block_func

    ID  shift, and go to state 155

    $default  reduce using rule 92 (idlist)

    idlist  go to state 163


State 155

   89 idlist: ID .
   91       | ID . $@11 COMMA idlist

    COMMA     reduce using rule 90 ($@11)
    $default  reduce using rule 89 (idlist)

    $@11  go to state 164


State 156

   83 funcdef: FUNCTION $@8 LEFT_BRACKETS $@9 idlist . $@10 RIGHT_BRACKETS block_func

    $default  reduce using rule 82 ($@10)

    $@10  go to state 165


State 157

   15 expr: expr . PLUS expr
   16     | expr . MINUS expr
   17     | expr . ASTERISK expr
   18     | expr . DIVISION expr
   19     | expr . PERCENT expr
   20     | expr . GREATER expr
   21     | expr . GREATER_EQUALS expr
   22     | expr . LESS expr
   23     | expr . LESS_EQUALS expr
   24     | expr . EQUALS expr
   25     | expr . DIFFERENT expr
   26     | expr . AND expr
   27     | expr . OR expr
   67 indexedelem: LEFT_BRACE expr COLON expr . RIGHT_BRACE

    AND             shift, and go to state 71
    OR              shift, and go to state 72
    EQUALS          shift, and go to state 73
    PLUS            shift, and go to state 74
    MINUS           shift, and go to state 75
    ASTERISK        shift, and go to state 76
    DIVISION        shift, and go to state 77
    PERCENT         shift, and go to state 78
    DIFFERENT       shift, and go to state 79
    GREATER         shift, and go to state 80
    LESS            shift, and go to state 81
    GREATER_EQUALS  shift, and go to state 82
    LESS_EQUALS     shift, and go to state 83
    RIGHT_BRACE     shift, and go to state 166


State 158

   53 call: LEFT_BRACKETS funcdef RIGHT_BRACKETS LEFT_BRACKETS elist . RIGHT_BRACKETS

    RIGHT_BRACKETS  shift, and go to state 167


State 159

   57 methodcall: Diaeresis ID LEFT_BRACKETS elist . RIGHT_BRACKETS

    RIGHT_BRACKETS  shift, and go to state 168


State 160

   93 ifstmt: IF LEFT_BRACKETS expr RIGHT_BRACKETS stmt ELSE . stmt

    NUMBER         shift, and go to state 1
    ID             shift, and go to state 2
    IF             shift, and go to state 3
    WHILE          shift, and go to state 4
    FOR            shift, and go to state 5
    FUNCTION       shift, and go to state 6
    RETURN         shift, and go to state 7
    BREAK          shift, and go to state 8
    CONTINUE       shift, and go to state 9
    NOT            shift, and go to state 10
    LOCALL         shift, and go to state 11
    TRUE           shift, and go to state 12
    FALSE          shift, and go to state 13
    NIL            shift, and go to state 14
    STRING         shift, and go to state 15
    MINUS          shift, and go to state 16
    PLUS_PLUS      shift, and go to state 17
    MINUS_MINUS    shift, and go to state 18
    SEMICOLON      shift, and go to state 19
    DOUBLE_COLON   shift, and go to state 20
    LEFT_BRACE     shift, and go to state 21
    LEFT_SQUARE    shift, and go to state 22
    LEFT_BRACKETS  shift, and go to state 23

    stmt        go to state 169
    expr        go to state 27
    term        go to state 28
    assignexpr  go to state 29
    primary     go to state 30
    lvalue      go to state 31
    member      go to state 32
    call        go to state 33
    objectdef   go to state 34
    block       go to state 35
    funcdef     go to state 36
    const       go to state 37
    ifstmt      go to state 38
    whilestmt   go to state 39
    forstmt     go to state 40
    returnstmt  go to state 41


State 161

   96 whilestmt: WHILE LEFT_BRACKETS $@12 expr RIGHT_BRACKETS stmt .

    $default  reduce using rule 96 (whilestmt)


State 162

   15 expr: expr . PLUS expr
   16     | expr . MINUS expr
   17     | expr . ASTERISK expr
   18     | expr . DIVISION expr
   19     | expr . PERCENT expr
   20     | expr . GREATER expr
   21     | expr . GREATER_EQUALS expr
   22     | expr . LESS expr
   23     | expr . LESS_EQUALS expr
   24     | expr . EQUALS expr
   25     | expr . DIFFERENT expr
   26     | expr . AND expr
   27     | expr . OR expr
   98 forstmt: FOR LEFT_BRACKETS $@13 elist SEMICOLON expr . SEMICOLON elist RIGHT_BRACKETS stmt

    AND             shift, and go to state 71
    OR              shift, and go to state 72
    EQUALS          shift, and go to state 73
    PLUS            shift, and go to state 74
    MINUS           shift, and go to state 75
    ASTERISK        shift, and go to state 76
    DIVISION        shift, and go to state 77
    PERCENT         shift, and go to state 78
    DIFFERENT       shift, and go to state 79
    GREATER         shift, and go to state 80
    LESS            shift, and go to state 81
    GREATER_EQUALS  shift, and go to state 82
    LESS_EQUALS     shift, and go to state 83
    SEMICOLON       shift, and go to state 170


State 163

   79 funcdef: FUNCTION ID $@5 LEFT_BRACKETS $@6 idlist . $@7 RIGHT_BRACKETS block_func

    $default  reduce using rule 78 ($@7)

    $@7  go to state 171


State 164

   91 idlist: ID $@11 . COMMA idlist

    COMMA  shift, and go to state 172


State 165

   83 funcdef: FUNCTION $@8 LEFT_BRACKETS $@9 idlist $@10 . RIGHT_BRACKETS block_func

    RIGHT_BRACKETS  shift, and go to state 173


State 166

   67 indexedelem: LEFT_BRACE expr COLON expr RIGHT_BRACE .

    $default  reduce using rule 67 (indexedelem)


State 167

   53 call: LEFT_BRACKETS funcdef RIGHT_BRACKETS LEFT_BRACKETS elist RIGHT_BRACKETS .

    $default  reduce using rule 53 (call)


State 168

   57 methodcall: Diaeresis ID LEFT_BRACKETS elist RIGHT_BRACKETS .

    $default  reduce using rule 57 (methodcall)


State 169

   93 ifstmt: IF LEFT_BRACKETS expr RIGHT_BRACKETS stmt ELSE stmt .

    $default  reduce using rule 93 (ifstmt)


State 170

   98 forstmt: FOR LEFT_BRACKETS $@13 elist SEMICOLON expr SEMICOLON . elist RIGHT_BRACKETS stmt

    NUMBER         shift, and go to state 1
    ID             shift, and go to state 2
    NOT            shift, and go to state 10
    LOCALL         shift, and go to state 11
    TRUE           shift, and go to state 12
    FALSE          shift, and go to state 13
    NIL            shift, and go to state 14
    STRING         shift, and go to state 15
    MINUS          shift, and go to state 16
    PLUS_PLUS      shift, and go to state 17
    MINUS_MINUS    shift, and go to state 18
    DOUBLE_COLON   shift, and go to state 20
    LEFT_SQUARE    shift, and go to state 22
    LEFT_BRACKETS  shift, and go to state 23

    $default  reduce using rule 60 (elist)

    expr        go to state 63
    term        go to state 28
    assignexpr  go to state 29
    primary     go to state 30
    lvalue      go to state 31
    member      go to state 32
    call        go to state 33
    elist       go to state 174
    objectdef   go to state 34
    const       go to state 37


State 171

   79 funcdef: FUNCTION ID $@5 LEFT_BRACKETS $@6 idlist $@7 . RIGHT_BRACKETS block_func

    RIGHT_BRACKETS  shift, and go to state 175


State 172

   91 idlist: ID $@11 COMMA . idlist

    ID  shift, and go to state 155

    $default  reduce using rule 92 (idlist)

    idlist  go to state 176


State 173

   83 funcdef: FUNCTION $@8 LEFT_BRACKETS $@9 idlist $@10 RIGHT_BRACKETS . block_func

    LEFT_BRACE  shift, and go to state 177

    block_func  go to state 178


State 174

   98 forstmt: FOR LEFT_BRACKETS $@13 elist SEMICOLON expr SEMICOLON elist . RIGHT_BRACKETS stmt

    RIGHT_BRACKETS  shift, and go to state 179


State 175

   79 funcdef: FUNCTION ID $@5 LEFT_BRACKETS $@6 idlist $@7 RIGHT_BRACKETS . block_func

    LEFT_BRACE  shift, and go to state 177

    block_func  go to state 180


State 176

   91 idlist: ID $@11 COMMA idlist .

    $default  reduce using rule 91 (idlist)


State 177

   73 block_func: LEFT_BRACE . $@3 RIGHT_BRACE
   75           | LEFT_BRACE . $@4 statements RIGHT_BRACE

    RIGHT_BRACE  reduce using rule 72 ($@3)
    $default     reduce using rule 74 ($@4)

    $@3  go to state 181
    $@4  go to state 182


State 178

   83 funcdef: FUNCTION $@8 LEFT_BRACKETS $@9 idlist $@10 RIGHT_BRACKETS block_func .

    $default  reduce using rule 83 (funcdef)


State 179

   98 forstmt: FOR LEFT_BRACKETS $@13 elist SEMICOLON expr SEMICOLON elist RIGHT_BRACKETS . stmt

    NUMBER         shift, and go to state 1
    ID             shift, and go to state 2
    IF             shift, and go to state 3
    WHILE          shift, and go to state 4
    FOR            shift, and go to state 5
    FUNCTION       shift, and go to state 6
    RETURN         shift, and go to state 7
    BREAK          shift, and go to state 8
    CONTINUE       shift, and go to state 9
    NOT            shift, and go to state 10
    LOCALL         shift, and go to state 11
    TRUE           shift, and go to state 12
    FALSE          shift, and go to state 13
    NIL            shift, and go to state 14
    STRING         shift, and go to state 15
    MINUS          shift, and go to state 16
    PLUS_PLUS      shift, and go to state 17
    MINUS_MINUS    shift, and go to state 18
    SEMICOLON      shift, and go to state 19
    DOUBLE_COLON   shift, and go to state 20
    LEFT_BRACE     shift, and go to state 21
    LEFT_SQUARE    shift, and go to state 22
    LEFT_BRACKETS  shift, and go to state 23

    stmt        go to state 183
    expr        go to state 27
    term        go to state 28
    assignexpr  go to state 29
    primary     go to state 30
    lvalue      go to state 31
    member      go to state 32
    call        go to state 33
    objectdef   go to state 34
    block       go to state 35
    funcdef     go to state 36
    const       go to state 37
    ifstmt      go to state 38
    whilestmt   go to state 39
    forstmt     go to state 40
    returnstmt  go to state 41


State 180

   79 funcdef: FUNCTION ID $@5 LEFT_BRACKETS $@6 idlist $@7 RIGHT_BRACKETS block_func .

    $default  reduce using rule 79 (funcdef)


State 181

   73 block_func: LEFT_BRACE $@3 . RIGHT_BRACE

    RIGHT_BRACE  shift, and go to state 184


State 182

   75 block_func: LEFT_BRACE $@4 . statements RIGHT_BRACE

    NUMBER         shift, and go to state 1
    ID             shift, and go to state 2
    IF             shift, and go to state 3
    WHILE          shift, and go to state 4
    FOR            shift, and go to state 5
    FUNCTION       shift, and go to state 6
    RETURN         shift, and go to state 7
    BREAK          shift, and go to state 8
    CONTINUE       shift, and go to state 9
    NOT            shift, and go to state 10
    LOCALL         shift, and go to state 11
    TRUE           shift, and go to state 12
    FALSE          shift, and go to state 13
    NIL            shift, and go to state 14
    STRING         shift, and go to state 15
    MINUS          shift, and go to state 16
    PLUS_PLUS      shift, and go to state 17
    MINUS_MINUS    shift, and go to state 18
    SEMICOLON      shift, and go to state 19
    DOUBLE_COLON   shift, and go to state 20
    LEFT_BRACE     shift, and go to state 21
    LEFT_SQUARE    shift, and go to state 22
    LEFT_BRACKETS  shift, and go to state 23

    stmt        go to state 25
    statements  go to state 185
    expr        go to state 27
    term        go to state 28
    assignexpr  go to state 29
    primary     go to state 30
    lvalue      go to state 31
    member      go to state 32
    call        go to state 33
    objectdef   go to state 34
    block       go to state 35
    funcdef     go to state 36
    const       go to state 37
    ifstmt      go to state 38
    whilestmt   go to state 39
    forstmt     go to state 40
    returnstmt  go to state 41


State 183

   98 forstmt: FOR LEFT_BRACKETS $@13 elist SEMICOLON expr SEMICOLON elist RIGHT_BRACKETS stmt .

    $default  reduce using rule 98 (forstmt)


State 184

   73 block_func: LEFT_BRACE $@3 RIGHT_BRACE .

    $default  reduce using rule 73 (block_func)


State 185

   12 statements: statements . stmt
   75 block_func: LEFT_BRACE $@4 statements . RIGHT_BRACE

    NUMBER         shift, and go to state 1
    ID             shift, and go to state 2
    IF             shift, and go to state 3
    WHILE          shift, and go to state 4
    FOR            shift, and go to state 5
    FUNCTION       shift, and go to state 6
    RETURN         shift, and go to state 7
    BREAK          shift, and go to state 8
    CONTINUE       shift, and go to state 9
    NOT            shift, and go to state 10
    LOCALL         shift, and go to state 11
    TRUE           shift, and go to state 12
    FALSE          shift, and go to state 13
    NIL            shift, and go to state 14
    STRING         shift, and go to state 15
    MINUS          shift, and go to state 16
    PLUS_PLUS      shift, and go to state 17
    MINUS_MINUS    shift, and go to state 18
    SEMICOLON      shift, and go to state 19
    DOUBLE_COLON   shift, and go to state 20
    LEFT_BRACE     shift, and go to state 21
    RIGHT_BRACE    shift, and go to state 186
    LEFT_SQUARE    shift, and go to state 22
    LEFT_BRACKETS  shift, and go to state 23

    stmt        go to state 70
    expr        go to state 27
    term        go to state 28
    assignexpr  go to state 29
    primary     go to state 30
    lvalue      go to state 31
    member      go to state 32
    call        go to state 33
    objectdef   go to state 34
    block       go to state 35
    funcdef     go to state 36
    const       go to state 37
    ifstmt      go to state 38
    whilestmt   go to state 39
    forstmt     go to state 40
    returnstmt  go to state 41


State 186

   75 block_func: LEFT_BRACE $@4 statements RIGHT_BRACE .

    $default  reduce using rule 75 (block_func)
